Unity Editor version:    2020.3.17f1 (a4537701e4ab)
Branch:                  2020.3/staging
Build type:              Release
Batch mode:              YES
macOS version:           Version 11.5.2 (Build 20G95)
Darwin version:          20.6.0
Architecture:            x86_64
Running under Rosetta:   YES
Available memory:        8192 MB
Using pre-set license
Pro License: NO

COMMAND LINE ARGUMENTS:
/Users/nireli/Desktop/Unity/2020.3.17f1/Unity.app/Contents/MacOS/Unity
-adb2
-batchMode
-noUpm
-name
AssetImportWorker0
-projectPath
/Users/nireli/Documents/GitHub/169A-project/169A project
-logFile
Logs/AssetImportWorker0.log
-srvPort
60607
Successfully changed project path to: /Users/nireli/Documents/GitHub/169A-project/169A project
/Users/nireli/Documents/GitHub/169A-project/169A project
Using Asset Import Pipeline V2.
Refreshing native plugins compatible for Editor in 42.79 ms, found 2 plugins.
Preloading 0 native plugins for Editor in 0.00 ms.
Initialize engine version: 2020.3.17f1 (a4537701e4ab)
[Subsystems] Discovering subsystems at path /Users/nireli/Desktop/Unity/2020.3.17f1/Unity.app/Contents/Resources/UnitySubsystems
[Subsystems] Discovering subsystems at path /Users/nireli/Documents/GitHub/169A-project/169A project/Assets
GfxDevice: creating device client; threaded=0
2021-10-02 13:10:08.881 Unity[77848:8280971] (null) preferred device: Apple M1 (high power)
2021-10-02 13:10:08.881 Unity[77848:8280971] Metal devices available: 1
2021-10-02 13:10:08.881 Unity[77848:8280971] 0: Apple M1 (high power)
2021-10-02 13:10:08.881 Unity[77848:8280971] Using device Apple M1 (high power)
Initializing Metal device caps: Apple M1
Initialize mono
Mono path[0] = '/Users/nireli/Desktop/Unity/2020.3.17f1/Unity.app/Contents/Managed'
Mono path[1] = '/Users/nireli/Desktop/Unity/2020.3.17f1/Unity.app/Contents/MonoBleedingEdge/lib/mono/unityjit'
Mono config path = '/Users/nireli/Desktop/Unity/2020.3.17f1/Unity.app/Contents/MonoBleedingEdge/etc'
Using monoOptions --debugger-agent=transport=dt_socket,embedding=1,server=y,suspend=n,address=127.0.0.1:56848
Begin MonoManager ReloadAssembly
Registering precompiled unity dll's ...
Register platform support module: /Users/nireli/Desktop/Unity/2020.3.17f1/PlaybackEngines/WebGLSupport/UnityEditor.WebGL.Extensions.dll
Register platform support module: /Users/nireli/Desktop/Unity/2020.3.17f1/Unity.app/Contents/PlaybackEngines/MacStandaloneSupport/UnityEditor.OSXStandalone.Extensions.dll
Register platform support module: /Users/nireli/Desktop/Unity/2020.3.17f1/PlaybackEngines/WindowsStandaloneSupport/UnityEditor.WindowsStandalone.Extensions.dll
Registered in 0.002118 seconds.
Native extension for WindowsStandalone target not found
Native extension for OSXStandalone target not found
Native extension for WebGL target not found
Refreshing native plugins compatible for Editor in 43.57 ms, found 2 plugins.
Preloading 0 native plugins for Editor in 0.00 ms.
Mono: successfully reloaded assembly
- Completed reload, in  2.575 seconds
Domain Reload Profiling:
	ReloadAssembly (2575ms)
		BeginReloadAssembly (78ms)
			ExecutionOrderSort (0ms)
			DisableScriptedObjects (0ms)
			BackupInstance (0ms)
			ReleaseScriptingObjects (0ms)
			CreateAndSetChildDomain (2ms)
		EndReloadAssembly (1014ms)
			LoadAssemblies (77ms)
			RebuildTransferFunctionScriptingTraits (0ms)
			SetupTypeCache (182ms)
			ReleaseScriptCaches (0ms)
			RebuildScriptCaches (43ms)
			SetupLoadedEditorAssemblies (619ms)
				LogAssemblyErrors (0ms)
				InitializePlatformSupportModulesInManaged (14ms)
				SetLoadedEditorAssemblies (1ms)
				RefreshPlugins (44ms)
				BeforeProcessingInitializeOnLoad (89ms)
				ProcessInitializeOnLoadAttributes (363ms)
				ProcessInitializeOnLoadMethodAttributes (108ms)
				AfterProcessingInitializeOnLoad (0ms)
				EditorAssembliesLoaded (1ms)
			ExecutionOrderSort2 (0ms)
			AwakeInstancesAfterBackupRestoration (0ms)
Platform modules already initialized, skipping
Registering precompiled user dll's ...
Registered in 0.003094 seconds.
Begin MonoManager ReloadAssembly
Native extension for WindowsStandalone target not found
Native extension for OSXStandalone target not found
Native extension for WebGL target not found
Refreshing native plugins compatible for Editor in 0.44 ms, found 2 plugins.
Preloading 0 native plugins for Editor in 0.00 ms.
Mono: successfully reloaded assembly
- Completed reload, in  2.631 seconds
Domain Reload Profiling:
	ReloadAssembly (2633ms)
		BeginReloadAssembly (274ms)
			ExecutionOrderSort (0ms)
			DisableScriptedObjects (32ms)
			BackupInstance (0ms)
			ReleaseScriptingObjects (0ms)
			CreateAndSetChildDomain (39ms)
		EndReloadAssembly (2265ms)
			LoadAssemblies (188ms)
			RebuildTransferFunctionScriptingTraits (0ms)
			SetupTypeCache (310ms)
			ReleaseScriptCaches (0ms)
			RebuildScriptCaches (53ms)
			SetupLoadedEditorAssemblies (1449ms)
				LogAssemblyErrors (0ms)
				InitializePlatformSupportModulesInManaged (19ms)
				SetLoadedEditorAssemblies (1ms)
				RefreshPlugins (0ms)
				BeforeProcessingInitializeOnLoad (271ms)
				ProcessInitializeOnLoadAttributes (1143ms)
				ProcessInitializeOnLoadMethodAttributes (13ms)
				AfterProcessingInitializeOnLoad (1ms)
				EditorAssembliesLoaded (1ms)
			ExecutionOrderSort2 (0ms)
			AwakeInstancesAfterBackupRestoration (33ms)
Platform modules already initialized, skipping
Validating Project structure ... 0.017375 seconds.
Shader import version has changed; will reimport all shaders...
Upgrading shader files ...0.018504 seconds.
Application.AssetDatabase Initial Script Refresh Start
RefreshInfo: InitialScriptRefreshV2(NoUpdateAssetOptions) scanfilter:  ... 1 filters
RefreshProfiler: Total: 0.000ms
Application.AssetDatabase Initial Script Refresh End
Application.AssetDatabase.Refresh Start
Application.AssetDatabase.Refresh End
RefreshInfo: StopAssetImportingV2(ForceSynchronousImport) scanfilter: 
RefreshProfiler: Total: 0.000ms
Launching external process: /Users/nireli/Desktop/Unity/2020.3.17f1/Unity.app/Contents/Tools/UnityShaderCompiler
Launched and connected shader compiler UnityShaderCompiler after 0.04 seconds
Initializing Unity extensions:
========================================================================
Worker process is ready to serve import requests
Refreshing native plugins compatible for Editor in 0.28 ms, found 2 plugins.
Preloading 0 native plugins for Editor in 0.00 ms.
Unloading 1402 Unused Serialized files (Serialized files now loaded: 0)
System memory in use before: 162.0 MB.
System memory in use after: 161.2 MB.

Unloading 82 unused Assets to reduce memory usage. Loaded Objects now: 1874.
Total: 3.718833 ms (FindLiveObjects: 0.173375 ms CreateObjectMapping: 0.029625 ms MarkObjects: 3.086000 ms  DeleteObjects: 0.428208 ms)

AssetImportParameters requested are different than current active one (requested -> active):
  custom:video-decoder-ogg-theora: a1e56fd34408186e4bbccfd4996cb3dc -> 
  custom:container-muxer-webm: aa71ff27fc2769a1b78a27578f13a17b -> 
  custom:container-demuxer-webm: 4f35f7cbe854078d1ac9338744f61a02 -> 
  custom:container-demuxer-ogg: 62fdf1f143b41e24485cea50d1cbac27 -> 
  custom:video-encoder-webm-vp8: eb34c28f22e8b96e1ab97ce403110664 -> 
  custom:framework-osx-AVFoundation: e770b220cccbd017edd2c1fefb359320 -> 
  custom:video-decoder-webm-vp8: 9c59270c3fd7afecdb556c50c9e8de78 -> 
  custom:audio-decoder-ogg-vorbis: bf7c407c2cedff20999df2af8eb42d56 -> 
  custom:audio-encoder-webm-vorbis: bf7c407c2cedff20999df2af8eb42d56 -> 
========================================================================
Received Import Request.
  path: Assets/GUI PRO Kit - Fantasy RPG
  artifactKey: Guid(79c148c871edc45ad8cb16884120b739) Importer(815301076,1909f56bfc062723c751e8b465ee728b)
Start importing Assets/GUI PRO Kit - Fantasy RPG using Guid(79c148c871edc45ad8cb16884120b739) Importer(815301076,1909f56bfc062723c751e8b465ee728b)  -> (artifact id: '358428f1dc7bf4b459d7e75920556248') in 0.007577 seconds 
  Import took 0.010605 seconds .

========================================================================
Received Import Request.
  Time since last request: 0.000422 seconds.
  path: Assets/GUI PRO Kit - Fantasy RPG/PSD
  artifactKey: Guid(02684f8edeeb6473e9f604e03bbb7e54) Importer(815301076,1909f56bfc062723c751e8b465ee728b)
Start importing Assets/GUI PRO Kit - Fantasy RPG/PSD using Guid(02684f8edeeb6473e9f604e03bbb7e54) Importer(815301076,1909f56bfc062723c751e8b465ee728b)  -> (artifact id: '1ef21e20e182ff583ce5781645d5b38b') in 0.000466 seconds 
  Import took 0.001925 seconds .

========================================================================
Received Import Request.
  Time since last request: 0.772500 seconds.
  path: Assets/GUI PRO Kit - Fantasy RPG/PSD/PSD.unitypackage
  artifactKey: Guid(c7415374b6c0347dab714b3d84bd4d77) Importer(815301076,1909f56bfc062723c751e8b465ee728b)
Start importing Assets/GUI PRO Kit - Fantasy RPG/PSD/PSD.unitypackage using Guid(c7415374b6c0347dab714b3d84bd4d77) Importer(815301076,1909f56bfc062723c751e8b465ee728b)  -> (artifact id: '3107e22d205e093f8a84e67a1439a847') in 0.019970 seconds 
  Import took 0.023058 seconds .

========================================================================
Received Import Request.
  Time since last request: 21.904172 seconds.
  path: Assets/GUI PRO Kit - Fantasy RPG/Preview/00_1_Buttons.png
  artifactKey: Guid(a1d5595c064c14cb8b81227d0387b9a8) Importer(815301076,1909f56bfc062723c751e8b465ee728b)
Start importing Assets/GUI PRO Kit - Fantasy RPG/Preview/00_1_Buttons.png using Guid(a1d5595c064c14cb8b81227d0387b9a8) Importer(815301076,1909f56bfc062723c751e8b465ee728b)  -> (artifact id: '86cef7b632c966f79a98386d8b269eb4') in 0.851172 seconds 
  Import took 0.858122 seconds .

========================================================================
Received Import Request.
  Time since last request: 0.003629 seconds.
  path: Assets/GUI PRO Kit - Fantasy RPG/Preview/00_4_EquipmentIcons.png
  artifactKey: Guid(fa2a8132c089840efbd82d1d7b7f261a) Importer(815301076,1909f56bfc062723c751e8b465ee728b)
Start importing Assets/GUI PRO Kit - Fantasy RPG/Preview/00_4_EquipmentIcons.png using Guid(fa2a8132c089840efbd82d1d7b7f261a) Importer(815301076,1909f56bfc062723c751e8b465ee728b)  -> (artifact id: '61fa5eccc99bd2859ba0305763480bff') in 0.040983 seconds 
  Import took 0.043384 seconds .

========================================================================
Received Import Request.
  Time since last request: 0.000212 seconds.
  path: Assets/GUI PRO Kit - Fantasy RPG/Preview/00_2_Component.png
  artifactKey: Guid(0ed5a1b62bf89468fb81aab9d5670a30) Importer(815301076,1909f56bfc062723c751e8b465ee728b)
Start importing Assets/GUI PRO Kit - Fantasy RPG/Preview/00_2_Component.png using Guid(0ed5a1b62bf89468fb81aab9d5670a30) Importer(815301076,1909f56bfc062723c751e8b465ee728b)  -> (artifact id: 'aee86d89b4cef09b8aab2a43ede03048') in 0.010096 seconds 
  Import took 0.011951 seconds .

========================================================================
Received Import Request.
  Time since last request: 0.000257 seconds.
  path: Assets/GUI PRO Kit - Fantasy RPG/Preview/00_5_Guild_Flag.png
  artifactKey: Guid(91fbc88c254764131b4c69eebbb96944) Importer(815301076,1909f56bfc062723c751e8b465ee728b)
Start importing Assets/GUI PRO Kit - Fantasy RPG/Preview/00_5_Guild_Flag.png using Guid(91fbc88c254764131b4c69eebbb96944) Importer(815301076,1909f56bfc062723c751e8b465ee728b)  -> (artifact id: '74a54b1acd400f11012369321b82a782') in 0.009454 seconds 
  Import took 0.011405 seconds .

========================================================================
Received Import Request.
  Time since last request: 0.000243 seconds.
  path: Assets/GUI PRO Kit - Fantasy RPG/Preview/00_6_Chest.png
  artifactKey: Guid(23e21d02912ce42708d4471836181a73) Importer(815301076,1909f56bfc062723c751e8b465ee728b)
Start importing Assets/GUI PRO Kit - Fantasy RPG/Preview/00_6_Chest.png using Guid(23e21d02912ce42708d4471836181a73) Importer(815301076,1909f56bfc062723c751e8b465ee728b)  -> (artifact id: '8403b0f5cebaf915eaec7dc8e065142f') in 0.010261 seconds 
  Import took 0.012581 seconds .

========================================================================
Received Import Request.
  Time since last request: 0.000320 seconds.
  path: Assets/GUI PRO Kit - Fantasy RPG/Preview/00_4_Icons1.png
  artifactKey: Guid(42531edbad3de47be8a622e646496bbc) Importer(815301076,1909f56bfc062723c751e8b465ee728b)
Start importing Assets/GUI PRO Kit - Fantasy RPG/Preview/00_4_Icons1.png using Guid(42531edbad3de47be8a622e646496bbc) Importer(815301076,1909f56bfc062723c751e8b465ee728b)  -> (artifact id: '394363ed8129c2e41e4d8357c3eaa748') in 0.009205 seconds 
  Import took 0.011144 seconds .

========================================================================
Received Import Request.
  Time since last request: 0.000342 seconds.
  path: Assets/GUI PRO Kit - Fantasy RPG/Preview/00_3_FunctionIcons.png
  artifactKey: Guid(8321472adf46f4b82bdf49d12cff1900) Importer(815301076,1909f56bfc062723c751e8b465ee728b)
Start importing Assets/GUI PRO Kit - Fantasy RPG/Preview/00_3_FunctionIcons.png using Guid(8321472adf46f4b82bdf49d12cff1900) Importer(815301076,1909f56bfc062723c751e8b465ee728b)  -> (artifact id: 'dfee7cf2ab2bd4d8d570fd754906659a') in 0.030574 seconds 
  Import took 0.033111 seconds .

========================================================================
Received Import Request.
  Time since last request: 0.000200 seconds.
  path: Assets/GUI PRO Kit - Fantasy RPG/Preview/00_4_Icons2.png
  artifactKey: Guid(33a5d1ed735b5406db92bd7c5c792a80) Importer(815301076,1909f56bfc062723c751e8b465ee728b)
Start importing Assets/GUI PRO Kit - Fantasy RPG/Preview/00_4_Icons2.png using Guid(33a5d1ed735b5406db92bd7c5c792a80) Importer(815301076,1909f56bfc062723c751e8b465ee728b)  -> (artifact id: '4fba7909d277fb646f4532add90eba2c') in 0.011308 seconds 
  Import took 0.013030 seconds .

========================================================================
Received Import Request.
  Time since last request: 0.000359 seconds.
  path: Assets/GUI PRO Kit - Fantasy RPG/Preview/01_Login.png
  artifactKey: Guid(47770121e8fb34ee8a442a55abc45e84) Importer(815301076,1909f56bfc062723c751e8b465ee728b)
Start importing Assets/GUI PRO Kit - Fantasy RPG/Preview/01_Login.png using Guid(47770121e8fb34ee8a442a55abc45e84) Importer(815301076,1909f56bfc062723c751e8b465ee728b)  -> (artifact id: '95f7c63612b8d46932f22010f1939c5d') in 0.009841 seconds 
  Import took 0.011522 seconds .

========================================================================
Received Import Request.
  Time since last request: 0.000386 seconds.
  path: Assets/GUI PRO Kit - Fantasy RPG/Preview/02_Title.png
  artifactKey: Guid(d77921d9b13824a1eac5a1706afe413b) Importer(815301076,1909f56bfc062723c751e8b465ee728b)
Start importing Assets/GUI PRO Kit - Fantasy RPG/Preview/02_Title.png using Guid(d77921d9b13824a1eac5a1706afe413b) Importer(815301076,1909f56bfc062723c751e8b465ee728b)  -> (artifact id: '8c16bf0fd23c08adced869b8bd73114d') in 0.010180 seconds 
  Import took 0.011937 seconds .

========================================================================
Received Import Request.
  Time since last request: 0.018695 seconds.
  path: Assets/GUI PRO Kit - Fantasy RPG/Preview/01_Login.png
  artifactKey: Guid(47770121e8fb34ee8a442a55abc45e84) Importer(815301076,1909f56bfc062723c751e8b465ee728b)
Start importing Assets/GUI PRO Kit - Fantasy RPG/Preview/01_Login.png using Guid(47770121e8fb34ee8a442a55abc45e84) Importer(815301076,1909f56bfc062723c751e8b465ee728b)  -> (artifact id: '95f7c63612b8d46932f22010f1939c5d') in 0.009350 seconds 
  Import took 0.011375 seconds .

========================================================================
Received Import Request.
  Time since last request: 1.351952 seconds.
  path: Assets/GUI PRO Kit - Fantasy RPG/Preview/03_TitleStart.png
  artifactKey: Guid(a55fb3c0768e249f0b52a465d44dced4) Importer(815301076,1909f56bfc062723c751e8b465ee728b)
Start importing Assets/GUI PRO Kit - Fantasy RPG/Preview/03_TitleStart.png using Guid(a55fb3c0768e249f0b52a465d44dced4) Importer(815301076,1909f56bfc062723c751e8b465ee728b)  -> (artifact id: 'c3ff6740ab2804150b81db189f6fe623') in 0.013616 seconds 
  Import took 0.015988 seconds .

========================================================================
Received Import Request.
  Time since last request: 0.031369 seconds.
  path: Assets/GUI PRO Kit - Fantasy RPG/Preview/04_NetworkError.png
  artifactKey: Guid(7ed8b2284b80f443eab5d47547e853c3) Importer(815301076,1909f56bfc062723c751e8b465ee728b)
Start importing Assets/GUI PRO Kit - Fantasy RPG/Preview/04_NetworkError.png using Guid(7ed8b2284b80f443eab5d47547e853c3) Importer(815301076,1909f56bfc062723c751e8b465ee728b)  -> (artifact id: 'a14302c01ca70e02aa57a742462fc805') in 0.013111 seconds 
  Import took 0.015259 seconds .

========================================================================
Received Import Request.
  Time since last request: 0.000313 seconds.
  path: Assets/GUI PRO Kit - Fantasy RPG/Preview/05_Home.png
  artifactKey: Guid(382f8ac5faeec4459b28227dce2a1019) Importer(815301076,1909f56bfc062723c751e8b465ee728b)
Start importing Assets/GUI PRO Kit - Fantasy RPG/Preview/05_Home.png using Guid(382f8ac5faeec4459b28227dce2a1019) Importer(815301076,1909f56bfc062723c751e8b465ee728b)  -> (artifact id: '7ded8272cbf4055ad2251025d725a2d2') in 0.010586 seconds 
  Import took 0.012412 seconds .

========================================================================
Received Import Request.
  Time since last request: 0.092017 seconds.
  path: Assets/GUI PRO Kit - Fantasy RPG/Preview/06_PopupLogin.png
  artifactKey: Guid(0b0d5dd9a018f4751b2ad1b7bbd09221) Importer(815301076,1909f56bfc062723c751e8b465ee728b)
Start importing Assets/GUI PRO Kit - Fantasy RPG/Preview/06_PopupLogin.png using Guid(0b0d5dd9a018f4751b2ad1b7bbd09221) Importer(815301076,1909f56bfc062723c751e8b465ee728b)  -> (artifact id: 'dfe05a5697e0f20bbb0b6b7715b7251c') in 0.009910 seconds 
  Import took 0.011970 seconds .

========================================================================
Received Import Request.
  Time since last request: 0.000371 seconds.
  path: Assets/GUI PRO Kit - Fantasy RPG/Preview/07_PopupSignup.png
  artifactKey: Guid(25744efa0a8e1425b9fab6aa72921302) Importer(815301076,1909f56bfc062723c751e8b465ee728b)
Start importing Assets/GUI PRO Kit - Fantasy RPG/Preview/07_PopupSignup.png using Guid(25744efa0a8e1425b9fab6aa72921302) Importer(815301076,1909f56bfc062723c751e8b465ee728b)  -> (artifact id: '9832ed64743dc0a2ef160382a656d612') in 0.009208 seconds 
  Import took 0.011016 seconds .

========================================================================
Received Import Request.
  Time since last request: 0.000241 seconds.
  path: Assets/GUI PRO Kit - Fantasy RPG/Preview/06_PopupLogin.png
  artifactKey: Guid(0b0d5dd9a018f4751b2ad1b7bbd09221) Importer(815301076,1909f56bfc062723c751e8b465ee728b)
Start importing Assets/GUI PRO Kit - Fantasy RPG/Preview/06_PopupLogin.png using Guid(0b0d5dd9a018f4751b2ad1b7bbd09221) Importer(815301076,1909f56bfc062723c751e8b465ee728b)  -> (artifact id: 'dfe05a5697e0f20bbb0b6b7715b7251c') in 0.008166 seconds 
  Import took 0.009923 seconds .

========================================================================
Received Import Request.
  Time since last request: 0.000231 seconds.
  path: Assets/GUI PRO Kit - Fantasy RPG/Preview/09_PopupName.png
  artifactKey: Guid(987aff0542d044f7195e1c98604e664b) Importer(815301076,1909f56bfc062723c751e8b465ee728b)
Start importing Assets/GUI PRO Kit - Fantasy RPG/Preview/09_PopupName.png using Guid(987aff0542d044f7195e1c98604e664b) Importer(815301076,1909f56bfc062723c751e8b465ee728b)  -> (artifact id: 'cd6f9cc8d817644444fdafccbb16b08c') in 0.008413 seconds 
  Import took 0.010072 seconds .

========================================================================
Received Import Request.
  Time since last request: 0.000315 seconds.
  path: Assets/GUI PRO Kit - Fantasy RPG/Preview/08_PopupOffline.png
  artifactKey: Guid(24cbf936a2cfd439396dc1d090b614a0) Importer(815301076,1909f56bfc062723c751e8b465ee728b)
Start importing Assets/GUI PRO Kit - Fantasy RPG/Preview/08_PopupOffline.png using Guid(24cbf936a2cfd439396dc1d090b614a0) Importer(815301076,1909f56bfc062723c751e8b465ee728b)  -> (artifact id: '0952ba90422b9ed3d10d6f817e4e0d55') in 0.008655 seconds 
  Import took 0.010373 seconds .

========================================================================
Received Import Request.
  Time since last request: 0.012933 seconds.
  path: Assets/GUI PRO Kit - Fantasy RPG/Preview/07_PopupSignup.png
  artifactKey: Guid(25744efa0a8e1425b9fab6aa72921302) Importer(815301076,1909f56bfc062723c751e8b465ee728b)
Start importing Assets/GUI PRO Kit - Fantasy RPG/Preview/07_PopupSignup.png using Guid(25744efa0a8e1425b9fab6aa72921302) Importer(815301076,1909f56bfc062723c751e8b465ee728b)  -> (artifact id: '9832ed64743dc0a2ef160382a656d612') in 0.008420 seconds 
  Import took 0.010359 seconds .

========================================================================
Received Import Request.
  Time since last request: 0.000364 seconds.
  path: Assets/GUI PRO Kit - Fantasy RPG/Preview/10_ADRemove.png
  artifactKey: Guid(28a3d43798dbf4e209028c682d351337) Importer(815301076,1909f56bfc062723c751e8b465ee728b)
Start importing Assets/GUI PRO Kit - Fantasy RPG/Preview/10_ADRemove.png using Guid(28a3d43798dbf4e209028c682d351337) Importer(815301076,1909f56bfc062723c751e8b465ee728b)  -> (artifact id: '93d34f6cee5b5a027387c90e634b779b') in 0.008827 seconds 
  Import took 0.010511 seconds .

========================================================================
Received Import Request.
  Time since last request: 0.033426 seconds.
  path: Assets/GUI PRO Kit - Fantasy RPG/Preview/10_ADRemove.png
  artifactKey: Guid(28a3d43798dbf4e209028c682d351337) Importer(815301076,1909f56bfc062723c751e8b465ee728b)
Start importing Assets/GUI PRO Kit - Fantasy RPG/Preview/10_ADRemove.png using Guid(28a3d43798dbf4e209028c682d351337) Importer(815301076,1909f56bfc062723c751e8b465ee728b)  -> (artifact id: '93d34f6cee5b5a027387c90e634b779b') in 0.010471 seconds 
  Import took 0.012527 seconds .

========================================================================
Received Import Request.
  Time since last request: 0.000204 seconds.
  path: Assets/GUI PRO Kit - Fantasy RPG/Preview/11_PopupChecking.png
  artifactKey: Guid(6ded837ca93814cad91c94b855f821e4) Importer(815301076,1909f56bfc062723c751e8b465ee728b)
Start importing Assets/GUI PRO Kit - Fantasy RPG/Preview/11_PopupChecking.png using Guid(6ded837ca93814cad91c94b855f821e4) Importer(815301076,1909f56bfc062723c751e8b465ee728b)  -> (artifact id: 'f3394000d334ad1d40fca52808e3f5ca') in 0.009412 seconds 
  Import took 0.011222 seconds .

========================================================================
Received Import Request.
  Time since last request: 0.039887 seconds.
  path: Assets/GUI PRO Kit - Fantasy RPG/Preview/12_PopupEUALPrivacy.png
  artifactKey: Guid(40bc07e1541974091b75d2396d44ae8e) Importer(815301076,1909f56bfc062723c751e8b465ee728b)
Start importing Assets/GUI PRO Kit - Fantasy RPG/Preview/12_PopupEUALPrivacy.png using Guid(40bc07e1541974091b75d2396d44ae8e) Importer(815301076,1909f56bfc062723c751e8b465ee728b)  -> (artifact id: '343d5e7b1934fe4074b04799edb77e76') in 0.010412 seconds 
  Import took 0.012801 seconds .

========================================================================
Received Import Request.
  Time since last request: 0.105793 seconds.
  path: Assets/GUI PRO Kit - Fantasy RPG/Preview/13_PopupUpdate.png
  artifactKey: Guid(175189dc68b004827998cb37a287f348) Importer(815301076,1909f56bfc062723c751e8b465ee728b)
Start importing Assets/GUI PRO Kit - Fantasy RPG/Preview/13_PopupUpdate.png using Guid(175189dc68b004827998cb37a287f348) Importer(815301076,1909f56bfc062723c751e8b465ee728b)  -> (artifact id: 'd7936940ab23bde6972f91425d04e9e6') in 0.012058 seconds 
  Import took 0.014266 seconds .

========================================================================
Received Import Request.
  Time since last request: 0.000343 seconds.
  path: Assets/GUI PRO Kit - Fantasy RPG/Preview/14_PopupMessage.png
  artifactKey: Guid(bdf2cbe7f97d446719a48d516627df4c) Importer(815301076,1909f56bfc062723c751e8b465ee728b)
Start importing Assets/GUI PRO Kit - Fantasy RPG/Preview/14_PopupMessage.png using Guid(bdf2cbe7f97d446719a48d516627df4c) Importer(815301076,1909f56bfc062723c751e8b465ee728b)  -> (artifact id: '55348e2b7aca189c15c295e13e24467e') in 0.008503 seconds 
  Import took 0.010415 seconds .

========================================================================
Received Import Request.
  Time since last request: 0.039316 seconds.
  path: Assets/GUI PRO Kit - Fantasy RPG/Preview/20_PlayType1.png
  artifactKey: Guid(32da4a037632d4d679d4530a7c812d97) Importer(815301076,1909f56bfc062723c751e8b465ee728b)
Start importing Assets/GUI PRO Kit - Fantasy RPG/Preview/20_PlayType1.png using Guid(32da4a037632d4d679d4530a7c812d97) Importer(815301076,1909f56bfc062723c751e8b465ee728b)  -> (artifact id: '3286ce10d8a2ab2762679b6bfe4535a0') in 0.010803 seconds 
  Import took 0.013026 seconds .

========================================================================
Received Import Request.
  Time since last request: 0.054385 seconds.
  path: Assets/GUI PRO Kit - Fantasy RPG/Preview/20_PlayType2.png
  artifactKey: Guid(24d175948750d430ca29060824bcbcd0) Importer(815301076,1909f56bfc062723c751e8b465ee728b)
Start importing Assets/GUI PRO Kit - Fantasy RPG/Preview/20_PlayType2.png using Guid(24d175948750d430ca29060824bcbcd0) Importer(815301076,1909f56bfc062723c751e8b465ee728b)  -> (artifact id: '3e468b52fa67920efb2ed02e0ae9e846') in 0.010785 seconds 
  Import took 0.012911 seconds .

========================================================================
Received Import Request.
  Time since last request: 0.000203 seconds.
  path: Assets/GUI PRO Kit - Fantasy RPG/Preview/20_PlayType3.png
  artifactKey: Guid(003aabae4bb354a22a55ca7309eaf72b) Importer(815301076,1909f56bfc062723c751e8b465ee728b)
Start importing Assets/GUI PRO Kit - Fantasy RPG/Preview/20_PlayType3.png using Guid(003aabae4bb354a22a55ca7309eaf72b) Importer(815301076,1909f56bfc062723c751e8b465ee728b)  -> (artifact id: 'e50a0918897f57eab0182755c5500a9e') in 0.009884 seconds 
  Import took 0.011726 seconds .

========================================================================
Received Import Request.
  Time since last request: 0.000303 seconds.
  path: Assets/GUI PRO Kit - Fantasy RPG/Preview/23_PlayPause.png
  artifactKey: Guid(c596883006c014de8b43390b8731d8f7) Importer(815301076,1909f56bfc062723c751e8b465ee728b)
Start importing Assets/GUI PRO Kit - Fantasy RPG/Preview/23_PlayPause.png using Guid(c596883006c014de8b43390b8731d8f7) Importer(815301076,1909f56bfc062723c751e8b465ee728b)  -> (artifact id: '20546d7d18e5448282ccb53d2fd3c24f') in 0.009349 seconds 
  Import took 0.011096 seconds .

========================================================================
Received Import Request.
  Time since last request: 0.000244 seconds.
  path: Assets/GUI PRO Kit - Fantasy RPG/Preview/30_Tutorial.png
  artifactKey: Guid(2d8ea2427714c414daa49d284212a956) Importer(815301076,1909f56bfc062723c751e8b465ee728b)
Start importing Assets/GUI PRO Kit - Fantasy RPG/Preview/30_Tutorial.png using Guid(2d8ea2427714c414daa49d284212a956) Importer(815301076,1909f56bfc062723c751e8b465ee728b)  -> (artifact id: 'e98f74fc28fc3428a5e024dc6329c554') in 0.009112 seconds 
  Import took 0.010981 seconds .

========================================================================
Received Import Request.
  Time since last request: 0.000227 seconds.
  path: Assets/GUI PRO Kit - Fantasy RPG/Preview/22_PlayContinue.png
  artifactKey: Guid(d44313b3172494a9994a462fa59dc470) Importer(815301076,1909f56bfc062723c751e8b465ee728b)
Start importing Assets/GUI PRO Kit - Fantasy RPG/Preview/22_PlayContinue.png using Guid(d44313b3172494a9994a462fa59dc470) Importer(815301076,1909f56bfc062723c751e8b465ee728b)  -> (artifact id: 'bff2370a64fed75dacf8ffb4c1c9dce1') in 0.010027 seconds 
  Import took 0.012219 seconds .

========================================================================
Received Import Request.
  Time since last request: 0.000213 seconds.
  path: Assets/GUI PRO Kit - Fantasy RPG/Preview/20_PlayType2.png
  artifactKey: Guid(24d175948750d430ca29060824bcbcd0) Importer(815301076,1909f56bfc062723c751e8b465ee728b)
Start importing Assets/GUI PRO Kit - Fantasy RPG/Preview/20_PlayType2.png using Guid(24d175948750d430ca29060824bcbcd0) Importer(815301076,1909f56bfc062723c751e8b465ee728b)  -> (artifact id: '3e468b52fa67920efb2ed02e0ae9e846') in 0.009337 seconds 
  Import took 0.011104 seconds .

========================================================================
Received Import Request.
  Time since last request: 0.000236 seconds.
  path: Assets/GUI PRO Kit - Fantasy RPG/Preview/20_PlayType3.png
  artifactKey: Guid(003aabae4bb354a22a55ca7309eaf72b) Importer(815301076,1909f56bfc062723c751e8b465ee728b)
Start importing Assets/GUI PRO Kit - Fantasy RPG/Preview/20_PlayType3.png using Guid(003aabae4bb354a22a55ca7309eaf72b) Importer(815301076,1909f56bfc062723c751e8b465ee728b)  -> (artifact id: 'e50a0918897f57eab0182755c5500a9e') in 0.008450 seconds 
  Import took 0.010116 seconds .

========================================================================
Received Import Request.
  Time since last request: 0.000304 seconds.
  path: Assets/GUI PRO Kit - Fantasy RPG/Preview/21_PlayBoss.png
  artifactKey: Guid(f783aab01887c4204837d89a235587cd) Importer(815301076,1909f56bfc062723c751e8b465ee728b)
Start importing Assets/GUI PRO Kit - Fantasy RPG/Preview/21_PlayBoss.png using Guid(f783aab01887c4204837d89a235587cd) Importer(815301076,1909f56bfc062723c751e8b465ee728b)  -> (artifact id: '29419ad185f12fdd27af6970d276ddf0') in 0.009117 seconds 
  Import took 0.010717 seconds .

========================================================================
Received Import Request.
  Time since last request: 0.000241 seconds.
  path: Assets/GUI PRO Kit - Fantasy RPG/Preview/24_PlayResult.png
  artifactKey: Guid(5fd08e023cf61499186a846d85d062fc) Importer(815301076,1909f56bfc062723c751e8b465ee728b)
Start importing Assets/GUI PRO Kit - Fantasy RPG/Preview/24_PlayResult.png using Guid(5fd08e023cf61499186a846d85d062fc) Importer(815301076,1909f56bfc062723c751e8b465ee728b)  -> (artifact id: '0d0a7cd6f6dd7141fa3106cf39347a40') in 0.008806 seconds 
  Import took 0.010520 seconds .

========================================================================
Received Import Request.
  Time since last request: 0.014283 seconds.
  path: Assets/GUI PRO Kit - Fantasy RPG/Preview/21_PlayBoss.png
  artifactKey: Guid(f783aab01887c4204837d89a235587cd) Importer(815301076,1909f56bfc062723c751e8b465ee728b)
Start importing Assets/GUI PRO Kit - Fantasy RPG/Preview/21_PlayBoss.png using Guid(f783aab01887c4204837d89a235587cd) Importer(815301076,1909f56bfc062723c751e8b465ee728b)  -> (artifact id: '29419ad185f12fdd27af6970d276ddf0') in 0.008835 seconds 
  Import took 0.010997 seconds .

========================================================================
Received Import Request.
  Time since last request: 0.000307 seconds.
  path: Assets/GUI PRO Kit - Fantasy RPG/Preview/32_Heroes.png
  artifactKey: Guid(d5777db91e6fc417bb3ef43c10bfa254) Importer(815301076,1909f56bfc062723c751e8b465ee728b)
Start importing Assets/GUI PRO Kit - Fantasy RPG/Preview/32_Heroes.png using Guid(d5777db91e6fc417bb3ef43c10bfa254) Importer(815301076,1909f56bfc062723c751e8b465ee728b)  -> (artifact id: 'b754ce8bf6d86af270988d06bc005d05') in 0.009823 seconds 
  Import took 0.011635 seconds .

========================================================================
Received Import Request.
  Time since last request: 0.000274 seconds.
  path: Assets/GUI PRO Kit - Fantasy RPG/Preview/31_CharacterSelect.png
  artifactKey: Guid(bae9c5b28dabc46c78365791f4219dfb) Importer(815301076,1909f56bfc062723c751e8b465ee728b)
Start importing Assets/GUI PRO Kit - Fantasy RPG/Preview/31_CharacterSelect.png using Guid(bae9c5b28dabc46c78365791f4219dfb) Importer(815301076,1909f56bfc062723c751e8b465ee728b)  -> (artifact id: '8b35bc73abc10404a61f7eecc04aec4a') in 0.011211 seconds 
  Import took 0.012926 seconds .

========================================================================
Received Import Request.
  Time since last request: 0.000260 seconds.
  path: Assets/GUI PRO Kit - Fantasy RPG/Preview/33_Equipment.png
  artifactKey: Guid(c9edab67bbc114bf5945753c219d3af7) Importer(815301076,1909f56bfc062723c751e8b465ee728b)
Start importing Assets/GUI PRO Kit - Fantasy RPG/Preview/33_Equipment.png using Guid(c9edab67bbc114bf5945753c219d3af7) Importer(815301076,1909f56bfc062723c751e8b465ee728b)  -> (artifact id: '5352ab6ac124e79551cceb54c8e20f19') in 0.009744 seconds 
  Import took 0.011326 seconds .

========================================================================
Received Import Request.
  Time since last request: 0.185945 seconds.
  path: Assets/GUI PRO Kit - Fantasy RPG/Preview/33_EquipmentDetail1.png
  artifactKey: Guid(a7e461fa722d14b6192116a5faf36d1f) Importer(815301076,1909f56bfc062723c751e8b465ee728b)
Start importing Assets/GUI PRO Kit - Fantasy RPG/Preview/33_EquipmentDetail1.png using Guid(a7e461fa722d14b6192116a5faf36d1f) Importer(815301076,1909f56bfc062723c751e8b465ee728b)  -> (artifact id: '09e16a7243a28d31a0561eb13768188e') in 0.011281 seconds 
  Import took 0.013563 seconds .

========================================================================
Received Import Request.
  Time since last request: 0.115417 seconds.
  path: Assets/GUI PRO Kit - Fantasy RPG/Preview/33_EquipmentDetail2.png
  artifactKey: Guid(7484ffcc9e6ae476abd33a5a95000d8b) Importer(815301076,1909f56bfc062723c751e8b465ee728b)
Start importing Assets/GUI PRO Kit - Fantasy RPG/Preview/33_EquipmentDetail2.png using Guid(7484ffcc9e6ae476abd33a5a95000d8b) Importer(815301076,1909f56bfc062723c751e8b465ee728b)  -> (artifact id: 'd982bf0e6e9a178a2f24680ede842c67') in 0.011200 seconds 
  Import took 0.013420 seconds .

========================================================================
Received Import Request.
  Time since last request: 0.257343 seconds.
  path: Assets/GUI PRO Kit - Fantasy RPG/Preview/33_EquipmentDetail3.png
  artifactKey: Guid(4baef5a86314f49ad8777d6ec732c957) Importer(815301076,1909f56bfc062723c751e8b465ee728b)
Start importing Assets/GUI PRO Kit - Fantasy RPG/Preview/33_EquipmentDetail3.png using Guid(4baef5a86314f49ad8777d6ec732c957) Importer(815301076,1909f56bfc062723c751e8b465ee728b)  -> (artifact id: '57d06d87b954bc9463961759ec6ea131') in 0.014093 seconds 
  Import took 0.017023 seconds .

========================================================================
Received Import Request.
  Time since last request: 7.409693 seconds.
  path: Assets/GUI PRO Kit - Fantasy RPG/Preview/41_Setting.png
  artifactKey: Guid(77b5f4c410d0f4daf802eeea2b9ecd83) Importer(815301076,1909f56bfc062723c751e8b465ee728b)
Start importing Assets/GUI PRO Kit - Fantasy RPG/Preview/41_Setting.png using Guid(77b5f4c410d0f4daf802eeea2b9ecd83) Importer(815301076,1909f56bfc062723c751e8b465ee728b)  -> (artifact id: '3b429d8ce7cdefef2e12d30bc57a8baf') in 0.011510 seconds 
  Import took 0.015172 seconds .

========================================================================
Received Import Request.
  Time since last request: 0.000346 seconds.
  path: Assets/GUI PRO Kit - Fantasy RPG/Preview/62_LevelUp.png
  artifactKey: Guid(a7f13c0bd926d480d805373fc9e7e72b) Importer(815301076,1909f56bfc062723c751e8b465ee728b)
Start importing Assets/GUI PRO Kit - Fantasy RPG/Preview/62_LevelUp.png using Guid(a7f13c0bd926d480d805373fc9e7e72b) Importer(815301076,1909f56bfc062723c751e8b465ee728b)  -> (artifact id: 'd124d9dda959b8fafd5b3f098a18f12d') in 0.013500 seconds 
  Import took 0.015444 seconds .

========================================================================
Received Import Request.
  Time since last request: 0.000395 seconds.
  path: Assets/GUI PRO Kit - Fantasy RPG/Preview/60_PowerSave.png
  artifactKey: Guid(0363ab180bce34b5798bcb349f46e74d) Importer(815301076,1909f56bfc062723c751e8b465ee728b)
Start importing Assets/GUI PRO Kit - Fantasy RPG/Preview/60_PowerSave.png using Guid(0363ab180bce34b5798bcb349f46e74d) Importer(815301076,1909f56bfc062723c751e8b465ee728b)  -> (artifact id: 'daaefaf4d073a25b983b3bbd340fb61d') in 0.012963 seconds 
  Import took 0.015116 seconds .

========================================================================
Received Import Request.
  Time since last request: 0.000311 seconds.
  path: Assets/GUI PRO Kit - Fantasy RPG/Preview/46_BattlePass.png
  artifactKey: Guid(3e589fe72fc1a4b4c87c6e1b53f4a71d) Importer(815301076,1909f56bfc062723c751e8b465ee728b)
Start importing Assets/GUI PRO Kit - Fantasy RPG/Preview/46_BattlePass.png using Guid(3e589fe72fc1a4b4c87c6e1b53f4a71d) Importer(815301076,1909f56bfc062723c751e8b465ee728b)  -> (artifact id: 'bad245e95b20cd2526338a287f597ee2') in 0.009446 seconds 
  Import took 0.011061 seconds .

========================================================================
Received Import Request.
  Time since last request: 0.000255 seconds.
  path: Assets/GUI PRO Kit - Fantasy RPG/Preview/48_Guild.png
  artifactKey: Guid(12cfe84cfbdaf440c9fa70ea31843010) Importer(815301076,1909f56bfc062723c751e8b465ee728b)
Start importing Assets/GUI PRO Kit - Fantasy RPG/Preview/48_Guild.png using Guid(12cfe84cfbdaf440c9fa70ea31843010) Importer(815301076,1909f56bfc062723c751e8b465ee728b)  -> (artifact id: 'b1425306e377ae4aef8d6b6e572a6ba3') in 0.008645 seconds 
  Import took 0.010376 seconds .

========================================================================
Received Import Request.
  Time since last request: 0.000209 seconds.
  path: Assets/GUI PRO Kit - Fantasy RPG/Preview/43_Shop_Chest.png
  artifactKey: Guid(64c87cea42e754b91adabba3b036a20c) Importer(815301076,1909f56bfc062723c751e8b465ee728b)
Start importing Assets/GUI PRO Kit - Fantasy RPG/Preview/43_Shop_Chest.png using Guid(64c87cea42e754b91adabba3b036a20c) Importer(815301076,1909f56bfc062723c751e8b465ee728b)  -> (artifact id: 'c9261603d38dca212a4b31b5401db392') in 0.014980 seconds 
  Import took 0.016947 seconds .

========================================================================
Received Import Request.
  Time since last request: 0.000345 seconds.
  path: Assets/GUI PRO Kit - Fantasy RPG/Preview/47_Missions.png
  artifactKey: Guid(1e6ed8985e17e4e4db86229f121e0b5c) Importer(815301076,1909f56bfc062723c751e8b465ee728b)
Start importing Assets/GUI PRO Kit - Fantasy RPG/Preview/47_Missions.png using Guid(1e6ed8985e17e4e4db86229f121e0b5c) Importer(815301076,1909f56bfc062723c751e8b465ee728b)  -> (artifact id: '674b0ab72300c3af0a3945bb9f10c4eb') in 0.009974 seconds 
  Import took 0.011986 seconds .

========================================================================
Received Import Request.
  Time since last request: 0.000369 seconds.
  path: Assets/GUI PRO Kit - Fantasy RPG/Preview/63_Rate.png
  artifactKey: Guid(3a4de6efdb29e484e833285e5613a165) Importer(815301076,1909f56bfc062723c751e8b465ee728b)
Start importing Assets/GUI PRO Kit - Fantasy RPG/Preview/63_Rate.png using Guid(3a4de6efdb29e484e833285e5613a165) Importer(815301076,1909f56bfc062723c751e8b465ee728b)  -> (artifact id: '893d1d19a4565ae33bce61e01ba7fd16') in 0.009575 seconds 
  Import took 0.011344 seconds .

========================================================================
Received Import Request.
  Time since last request: 0.000299 seconds.
  path: Assets/GUI PRO Kit - Fantasy RPG/Preview/42_Language.png
  artifactKey: Guid(d0ac9674ee8ff4f639649e8ff129869f) Importer(815301076,1909f56bfc062723c751e8b465ee728b)
Start importing Assets/GUI PRO Kit - Fantasy RPG/Preview/42_Language.png using Guid(d0ac9674ee8ff4f639649e8ff129869f) Importer(815301076,1909f56bfc062723c751e8b465ee728b)  -> (artifact id: 'aa86abbd11c2d9460a05233f87e09126') in 0.012034 seconds 
  Import took 0.013870 seconds .

========================================================================
Received Import Request.
  Time since last request: 0.000281 seconds.
  path: Assets/GUI PRO Kit - Fantasy RPG/Preview/50_Ranking.png
  artifactKey: Guid(5896cd57ec94041249e4022b7e1290ba) Importer(815301076,1909f56bfc062723c751e8b465ee728b)
Start importing Assets/GUI PRO Kit - Fantasy RPG/Preview/50_Ranking.png using Guid(5896cd57ec94041249e4022b7e1290ba) Importer(815301076,1909f56bfc062723c751e8b465ee728b)  -> (artifact id: '0e3f4d55da8bd865ab7bc6d35daf5e86') in 0.008924 seconds 
  Import took 0.010754 seconds .

========================================================================
Received Import Request.
  Time since last request: 0.000253 seconds.
  path: Assets/GUI PRO Kit - Fantasy RPG/Preview/64_RewardDaily.png
  artifactKey: Guid(abccabe38939f42b3830da211af58bab) Importer(815301076,1909f56bfc062723c751e8b465ee728b)
Start importing Assets/GUI PRO Kit - Fantasy RPG/Preview/64_RewardDaily.png using Guid(abccabe38939f42b3830da211af58bab) Importer(815301076,1909f56bfc062723c751e8b465ee728b)  -> (artifact id: 'bb4af9212387bf3558dd7e8cd01de3c7') in 0.008916 seconds 
  Import took 0.010696 seconds .

========================================================================
Received Import Request.
  Time since last request: 0.000313 seconds.
  path: Assets/GUI PRO Kit - Fantasy RPG/Preview/61_LoadingBar.png
  artifactKey: Guid(2a14a93c154f34204b4b4844424361e9) Importer(815301076,1909f56bfc062723c751e8b465ee728b)
Start importing Assets/GUI PRO Kit - Fantasy RPG/Preview/61_LoadingBar.png using Guid(2a14a93c154f34204b4b4844424361e9) Importer(815301076,1909f56bfc062723c751e8b465ee728b)  -> (artifact id: 'f8fcdebc7f4fd1f93b959a0301e68a0e') in 0.009760 seconds 
  Import took 0.011401 seconds .

========================================================================
Received Import Request.
  Time since last request: 0.000311 seconds.
  path: Assets/GUI PRO Kit - Fantasy RPG/Preview/66_Roulette.png
  artifactKey: Guid(295674167294440d6811179053d34c94) Importer(815301076,1909f56bfc062723c751e8b465ee728b)
Start importing Assets/GUI PRO Kit - Fantasy RPG/Preview/66_Roulette.png using Guid(295674167294440d6811179053d34c94) Importer(815301076,1909f56bfc062723c751e8b465ee728b)  -> (artifact id: '9c5c0537fb3e2d622427a4a71d2ce535') in 0.009606 seconds 
  Import took 0.011448 seconds .

========================================================================
Received Import Request.
  Time since last request: 0.000325 seconds.
  path: Assets/GUI PRO Kit - Fantasy RPG/Preview/45_Shop_Gem.png
  artifactKey: Guid(ed95ba80cb18142b8834e2d675dc8f76) Importer(815301076,1909f56bfc062723c751e8b465ee728b)
Start importing Assets/GUI PRO Kit - Fantasy RPG/Preview/45_Shop_Gem.png using Guid(ed95ba80cb18142b8834e2d675dc8f76) Importer(815301076,1909f56bfc062723c751e8b465ee728b)  -> (artifact id: '4b40b8633cdabeb01f37f72c6002ba6b') in 0.011676 seconds 
  Import took 0.013618 seconds .

========================================================================
Received Import Request.
  Time since last request: 0.000290 seconds.
  path: Assets/GUI PRO Kit - Fantasy RPG/Preview/65_RewardWeek.png
  artifactKey: Guid(35d79d203bf3943c2b184f9727f37ef5) Importer(815301076,1909f56bfc062723c751e8b465ee728b)
Start importing Assets/GUI PRO Kit - Fantasy RPG/Preview/65_RewardWeek.png using Guid(35d79d203bf3943c2b184f9727f37ef5) Importer(815301076,1909f56bfc062723c751e8b465ee728b)  -> (artifact id: '39e23c6b13fdd0a6beca8afe30552e7c') in 0.008920 seconds 
  Import took 0.010688 seconds .

========================================================================
Received Import Request.
  Time since last request: 0.000229 seconds.
  path: Assets/GUI PRO Kit - Fantasy RPG/Preview/44_Shop_Gold.png
  artifactKey: Guid(afabf3d3ed61c4d6b99f901b13b69033) Importer(815301076,1909f56bfc062723c751e8b465ee728b)
Start importing Assets/GUI PRO Kit - Fantasy RPG/Preview/44_Shop_Gold.png using Guid(afabf3d3ed61c4d6b99f901b13b69033) Importer(815301076,1909f56bfc062723c751e8b465ee728b)  -> (artifact id: '3f84afe4a34f665ee6b3e66bd9726439') in 0.012175 seconds 
  Import took 0.014047 seconds .

========================================================================
Received Import Request.
  Time since last request: 3.918394 seconds.
  path: Assets/GUI PRO Kit - Fantasy RPG/ResourcesData/Particles/Materials/fx_circle_line2.mat
  artifactKey: Guid(975951b3917e24454ad641312792c3d7) Importer(815301076,1909f56bfc062723c751e8b465ee728b)
Start importing Assets/GUI PRO Kit - Fantasy RPG/ResourcesData/Particles/Materials/fx_circle_line2.mat using Guid(975951b3917e24454ad641312792c3d7) Importer(815301076,1909f56bfc062723c751e8b465ee728b)  -> (artifact id: 'f4dfe10aaf72995bceb491036237878e') in 0.842843 seconds 
  Import took 0.845715 seconds .

========================================================================
Received Import Request.
  Time since last request: 0.002496 seconds.
  path: Assets/GUI PRO Kit - Fantasy RPG/ResourcesData/Particles/Textures/fx_glow1.png
  artifactKey: Guid(a14382567192c4fc98d48eaef7301e12) Importer(815301076,1909f56bfc062723c751e8b465ee728b)
Start importing Assets/GUI PRO Kit - Fantasy RPG/ResourcesData/Particles/Textures/fx_glow1.png using Guid(a14382567192c4fc98d48eaef7301e12) Importer(815301076,1909f56bfc062723c751e8b465ee728b)  -> (artifact id: '597d8ae82338c6a22a9eb927d473a054') in 0.009024 seconds 
  Import took 0.010973 seconds .

========================================================================
Received Import Request.
  Time since last request: 0.000382 seconds.
  path: Assets/GUI PRO Kit - Fantasy RPG/ResourcesData/Particles/Materials/fx_dust.mat
  artifactKey: Guid(d7d2a7452d9ed416a8047928eecabce3) Importer(815301076,1909f56bfc062723c751e8b465ee728b)
Start importing Assets/GUI PRO Kit - Fantasy RPG/ResourcesData/Particles/Materials/fx_dust.mat using Guid(d7d2a7452d9ed416a8047928eecabce3) Importer(815301076,1909f56bfc062723c751e8b465ee728b)  -> (artifact id: '0274161c846cfce1abbe60672d0c22ce') in 0.013538 seconds 
  Import took 0.015987 seconds .

========================================================================
Received Import Request.
  Time since last request: 0.000311 seconds.
  path: Assets/GUI PRO Kit - Fantasy RPG/ResourcesData/Particles/Materials/fx_star1.mat
  artifactKey: Guid(b7ce8cef00ac44e57a4ea6c6e258daca) Importer(815301076,1909f56bfc062723c751e8b465ee728b)
Start importing Assets/GUI PRO Kit - Fantasy RPG/ResourcesData/Particles/Materials/fx_star1.mat using Guid(b7ce8cef00ac44e57a4ea6c6e258daca) Importer(815301076,1909f56bfc062723c751e8b465ee728b)  -> (artifact id: '8d752ae9e617d79ef9770a0c153d3afe') in 0.011120 seconds 
  Import took 0.012974 seconds .

========================================================================
Received Import Request.
  Time since last request: 0.000298 seconds.
  path: Assets/GUI PRO Kit - Fantasy RPG/ResourcesData/Particles/Textures/fx_glow2.png
  artifactKey: Guid(4c6392db171184bb98d834e1fbd3769e) Importer(815301076,1909f56bfc062723c751e8b465ee728b)
Start importing Assets/GUI PRO Kit - Fantasy RPG/ResourcesData/Particles/Textures/fx_glow2.png using Guid(4c6392db171184bb98d834e1fbd3769e) Importer(815301076,1909f56bfc062723c751e8b465ee728b)  -> (artifact id: '40d27c66c54cb9007d09496664882ee8') in 0.012264 seconds 
  Import took 0.014282 seconds .

========================================================================
Received Import Request.
  Time since last request: 0.000184 seconds.
  path: Assets/GUI PRO Kit - Fantasy RPG/ResourcesData/Particles/Textures/fx_dust1.png
  artifactKey: Guid(8aca5e8ea241b42858f3d9644e848b1e) Importer(815301076,1909f56bfc062723c751e8b465ee728b)
Start importing Assets/GUI PRO Kit - Fantasy RPG/ResourcesData/Particles/Textures/fx_dust1.png using Guid(8aca5e8ea241b42858f3d9644e848b1e) Importer(815301076,1909f56bfc062723c751e8b465ee728b)  -> (artifact id: 'fc9fe63842643929f9b25f167fbbd728') in 0.010555 seconds 
  Import took 0.012253 seconds .

========================================================================
Received Import Request.
  Time since last request: 0.000304 seconds.
  path: Assets/GUI PRO Kit - Fantasy RPG/ResourcesData/Particles/Textures/fx_circle_line2.png
  artifactKey: Guid(472f66ba810b14ac484d18ee7316a974) Importer(815301076,1909f56bfc062723c751e8b465ee728b)
Start importing Assets/GUI PRO Kit - Fantasy RPG/ResourcesData/Particles/Textures/fx_circle_line2.png using Guid(472f66ba810b14ac484d18ee7316a974) Importer(815301076,1909f56bfc062723c751e8b465ee728b)  -> (artifact id: '048383802de403b1ee76fccd66b034f9') in 0.009750 seconds 
  Import took 0.011407 seconds .

========================================================================
Received Import Request.
  Time since last request: 0.000259 seconds.
  path: Assets/GUI PRO Kit - Fantasy RPG/ResourcesData/Particles/Textures/fx_star1.png
  artifactKey: Guid(406bbad3262f641588ffe77b93d48b46) Importer(815301076,1909f56bfc062723c751e8b465ee728b)
Start importing Assets/GUI PRO Kit - Fantasy RPG/ResourcesData/Particles/Textures/fx_star1.png using Guid(406bbad3262f641588ffe77b93d48b46) Importer(815301076,1909f56bfc062723c751e8b465ee728b)  -> (artifact id: '08c33c9c42c9acec8636c8a17fd42c60') in 0.009182 seconds 
  Import took 0.010969 seconds .

========================================================================
Received Import Request.
  Time since last request: 0.000226 seconds.
  path: Assets/GUI PRO Kit - Fantasy RPG/ResourcesData/Particles/Materials/fx_glow2.mat
  artifactKey: Guid(15e1554a23dae49ba928deb6dfebdeb2) Importer(815301076,1909f56bfc062723c751e8b465ee728b)
Start importing Assets/GUI PRO Kit - Fantasy RPG/ResourcesData/Particles/Materials/fx_glow2.mat using Guid(15e1554a23dae49ba928deb6dfebdeb2) Importer(815301076,1909f56bfc062723c751e8b465ee728b)  -> (artifact id: '8bc3c1060d2f9b6992844acae5e9449f') in 0.007234 seconds 
  Import took 0.009061 seconds .

========================================================================
Received Import Request.
  Time since last request: 0.000359 seconds.
  path: Assets/GUI PRO Kit - Fantasy RPG/ResourcesData/Particles/Materials/fx_glow3.mat
  artifactKey: Guid(a386e8dc185cf4764a4f11a6981b785c) Importer(815301076,1909f56bfc062723c751e8b465ee728b)
Start importing Assets/GUI PRO Kit - Fantasy RPG/ResourcesData/Particles/Materials/fx_glow3.mat using Guid(a386e8dc185cf4764a4f11a6981b785c) Importer(815301076,1909f56bfc062723c751e8b465ee728b)  -> (artifact id: 'b664c4d2936d5d170b4294503ea82cab') in 0.007968 seconds 
  Import took 0.009678 seconds .

========================================================================
Received Import Request.
  Time since last request: 0.000306 seconds.
  path: Assets/GUI PRO Kit - Fantasy RPG/ResourcesData/Particles/Materials/fx_circle_line3.mat
  artifactKey: Guid(4b0cfe4138f0745febfa2e801596d323) Importer(815301076,1909f56bfc062723c751e8b465ee728b)
Start importing Assets/GUI PRO Kit - Fantasy RPG/ResourcesData/Particles/Materials/fx_circle_line3.mat using Guid(4b0cfe4138f0745febfa2e801596d323) Importer(815301076,1909f56bfc062723c751e8b465ee728b)  -> (artifact id: '1c2811bc7ab1a56de312b78280df1fc7') in 0.008052 seconds 
  Import took 0.009689 seconds .

========================================================================
Received Import Request.
  Time since last request: 0.000374 seconds.
  path: Assets/GUI PRO Kit - Fantasy RPG/ResourcesData/Particles/Textures/fx_circle_line3.png
  artifactKey: Guid(bd709b9c9f1bf4c77a77678488b94d92) Importer(815301076,1909f56bfc062723c751e8b465ee728b)
Start importing Assets/GUI PRO Kit - Fantasy RPG/ResourcesData/Particles/Textures/fx_circle_line3.png using Guid(bd709b9c9f1bf4c77a77678488b94d92) Importer(815301076,1909f56bfc062723c751e8b465ee728b)  -> (artifact id: '6be166e75c95dffe43c3dc0af619bbe2') in 0.010367 seconds 
  Import took 0.012136 seconds .

========================================================================
Received Import Request.
  Time since last request: 0.000363 seconds.
  path: Assets/GUI PRO Kit - Fantasy RPG/ResourcesData/Particles/Textures/fx_star2.png
  artifactKey: Guid(31cea93cb8c1f44f0aed5ca96ed9b764) Importer(815301076,1909f56bfc062723c751e8b465ee728b)
Start importing Assets/GUI PRO Kit - Fantasy RPG/ResourcesData/Particles/Textures/fx_star2.png using Guid(31cea93cb8c1f44f0aed5ca96ed9b764) Importer(815301076,1909f56bfc062723c751e8b465ee728b)  -> (artifact id: '04aef6153d061e7b058acd946358e15f') in 0.009853 seconds 
  Import took 0.011442 seconds .

========================================================================
Received Import Request.
  Time since last request: 0.000305 seconds.
  path: Assets/GUI PRO Kit - Fantasy RPG/ResourcesData/Particles/Textures/fx_glow3.png
  artifactKey: Guid(01a509805ee1e4dbd956bc2c1960403c) Importer(815301076,1909f56bfc062723c751e8b465ee728b)
Start importing Assets/GUI PRO Kit - Fantasy RPG/ResourcesData/Particles/Textures/fx_glow3.png using Guid(01a509805ee1e4dbd956bc2c1960403c) Importer(815301076,1909f56bfc062723c751e8b465ee728b)  -> (artifact id: '3918b30846e8f183ffce0f8203e83889') in 0.008811 seconds 
  Import took 0.010420 seconds .

========================================================================
Received Import Request.
  Time since last request: 0.000395 seconds.
  path: Assets/GUI PRO Kit - Fantasy RPG/ResourcesData/Particles/Materials/fx_star2.mat
  artifactKey: Guid(0e326994c7b0a49e7b6025fb16ba1f3c) Importer(815301076,1909f56bfc062723c751e8b465ee728b)
Start importing Assets/GUI PRO Kit - Fantasy RPG/ResourcesData/Particles/Materials/fx_star2.mat using Guid(0e326994c7b0a49e7b6025fb16ba1f3c) Importer(815301076,1909f56bfc062723c751e8b465ee728b)  -> (artifact id: '00e8f91748ba1433ee4683cb744f8938') in 0.006794 seconds 
  Import took 0.008498 seconds .

========================================================================
Received Import Request.
  Time since last request: 0.000313 seconds.
  path: Assets/GUI PRO Kit - Fantasy RPG/ResourcesData/Particles/Materials/fx_glow1.mat
  artifactKey: Guid(54551c15f264e462e932e534cacf0d1d) Importer(815301076,1909f56bfc062723c751e8b465ee728b)
Start importing Assets/GUI PRO Kit - Fantasy RPG/ResourcesData/Particles/Materials/fx_glow1.mat using Guid(54551c15f264e462e932e534cacf0d1d) Importer(815301076,1909f56bfc062723c751e8b465ee728b)  -> (artifact id: '6325ddfd390483b396173758f3f7b47b') in 0.006654 seconds 
  Import took 0.008523 seconds .

